2025-11-21 20:20:18.954 [info] [main] Log level: Info
2025-11-21 20:20:18.954 [info] [main] Validating found git in: "git"
2025-11-21 20:20:18.954 [info] [main] Using git "2.52.0" from "git"
2025-11-21 20:20:18.954 [info] [Model][doInitialScan] Initial repository scan started
2025-11-21 20:20:18.954 [info] > git rev-parse --show-toplevel [5ms]
2025-11-21 20:20:18.954 [info] fatal: not a git repository (or any of the parent directories): .git
2025-11-21 20:20:18.954 [info] > git rev-parse --show-toplevel [2ms]
2025-11-21 20:20:18.954 [info] fatal: not a git repository (or any of the parent directories): .git
2025-11-21 20:20:18.954 [info] > git rev-parse --show-toplevel [1ms]
2025-11-21 20:20:18.954 [info] fatal: not a git repository (or any of the parent directories): .git
2025-11-21 20:20:18.954 [info] > git rev-parse --show-toplevel [2ms]
2025-11-21 20:20:18.954 [info] fatal: not a git repository (or any of the parent directories): .git
2025-11-21 20:20:18.954 [info] > git rev-parse --show-toplevel [2ms]
2025-11-21 20:20:18.954 [info] fatal: not a git repository (or any of the parent directories): .git
2025-11-21 20:20:18.954 [info] [Model][doInitialScan] Initial repository scan completed - repositories (0), closed repositories (0), parent repositories (0), unsafe repositories (0)
2025-11-21 20:20:19.386 [info] > git rev-parse --show-toplevel [3ms]
2025-11-21 20:20:19.386 [info] fatal: not a git repository (or any of the parent directories): .git
2025-11-21 20:20:19.449 [info] > git rev-parse --show-toplevel [1ms]
2025-11-21 20:20:19.449 [info] fatal: not a git repository (or any of the parent directories): .git
2025-11-21 20:20:19.463 [info] > git rev-parse --show-toplevel [2ms]
2025-11-21 20:20:19.463 [info] fatal: not a git repository (or any of the parent directories): .git
2025-11-21 20:20:19.483 [info] > git rev-parse --show-toplevel [2ms]
2025-11-21 20:20:19.483 [info] fatal: not a git repository (or any of the parent directories): .git
2025-11-21 20:20:20.922 [info] > git rev-parse --show-toplevel [1ms]
2025-11-21 20:20:20.922 [info] fatal: not a git repository (or any of the parent directories): .git
